SF:lib\src\exceptions\icalendar_exception.dart
DA:6,3
DA:8,1
DA:9,2
DA:14,2
DA:19,2
DA:24,1
DA:29,1
DA:34,1
DA:39,2
DA:44,2
LF:10
LH:10
end_of_record
SF:lib\src\model\icalendar.dart
DA:13,3
DA:16,3
DA:19,3
DA:22,3
DA:25,1
DA:35,1
DA:39,1
DA:41,4
DA:43,1
DA:44,1
DA:53,1
DA:56,3
DA:58,1
DA:62,1
DA:63,1
DA:64,1
DA:65,1
DA:66,1
DA:70,1
DA:72,1
DA:75,2
DA:77,2
DA:78,1
DA:86,1
DA:88,1
DA:90,3
DA:96,3
DA:97,1
DA:99,1
DA:101,1
DA:102,1
DA:106,1
DA:108,1
DA:110,1
DA:112,1
DA:113,1
DA:115,1
DA:118,0
DA:122,1
DA:123,1
DA:124,1
DA:125,1
DA:126,1
DA:127,1
DA:128,1
DA:129,1
DA:130,1
DA:131,1
DA:132,1
DA:133,1
DA:134,1
DA:136,2
DA:138,1
DA:139,2
DA:140,1
DA:144,2
DA:148,1
DA:150,1
DA:151,2
DA:153,2
DA:154,4
DA:155,4
DA:158,1
DA:160,2
DA:163,0
DA:165,0
DA:167,0
DA:169,0
DA:170,0
DA:171,0
DA:175,0
DA:178,1
DA:179,0
DA:181,0
DA:184,1
DA:185,1
DA:186,1
DA:187,0
DA:189,0
DA:192,1
DA:193,1
DA:194,1
DA:195,1
DA:205,1
DA:207,1
DA:208,1
DA:209,1
DA:210,1
DA:213,2
DA:214,1
DA:215,2
DA:216,2
DA:217,1
DA:218,2
DA:220,3
DA:221,2
DA:223,1
DA:226,1
DA:227,6
DA:228,0
DA:229,0
DA:232,1
DA:233,2
DA:234,0
DA:235,0
DA:240,2
DA:242,1
DA:243,1
DA:245,1
DA:246,2
DA:247,1
DA:248,5
DA:251,1
DA:252,3
DA:253,2
DA:254,1
DA:255,1
DA:257,3
DA:260,3
DA:263,1
DA:266,1
DA:269,1
DA:281,0
DA:282,0
DA:283,0
DA:284,0
DA:287,0
DA:289,0
LF:128
LH:106
end_of_record
SF:lib\src\model\ics_status.dart
DA:2,1
LF:1
LH:1
end_of_record
SF:lib\src\model\ics_transp.dart
DA:2,1
LF:1
LH:1
end_of_record
SF:lib\src\extensions\string_extensions.dart
DA:5,1
DA:7,1
DA:8,1
DA:10,1
DA:12,1
DA:15,2
DA:19,1
DA:21,1
DA:22,1
DA:24,1
DA:27,2
LF:11
LH:11
end_of_record
