SF:lib\src\exceptions\icalendar_exception.dart
DA:6,3
DA:8,1
DA:9,2
DA:14,2
DA:19,2
DA:24,1
DA:29,1
DA:34,1
DA:39,2
DA:44,2
LF:10
LH:10
end_of_record
SF:lib\src\model\icalendar.dart
DA:13,3
DA:16,3
DA:19,3
DA:22,3
DA:25,1
DA:35,1
DA:39,1
DA:41,4
DA:43,1
DA:44,1
DA:53,1
DA:56,3
DA:58,1
DA:62,1
DA:63,1
DA:64,1
DA:65,1
DA:66,1
DA:70,1
DA:72,1
DA:75,2
DA:77,2
DA:78,1
DA:86,1
DA:88,1
DA:90,3
DA:96,3
DA:97,1
DA:99,1
DA:101,1
DA:102,1
DA:106,1
DA:108,1
DA:110,1
DA:112,1
DA:113,1
DA:115,1
DA:118,0
DA:122,1
DA:123,1
DA:124,1
DA:125,1
DA:126,1
DA:127,1
DA:128,1
DA:129,1
DA:130,1
DA:131,1
DA:132,1
DA:133,1
DA:134,1
DA:136,2
DA:138,1
DA:139,2
DA:140,1
DA:144,2
DA:148,1
DA:150,1
DA:151,2
DA:153,2
DA:154,4
DA:155,4
DA:158,1
DA:160,2
DA:163,1
DA:165,2
DA:167,2
DA:168,1
DA:169,1
DA:170,3
DA:172,2
DA:173,1
DA:174,3
DA:177,1
DA:178,2
DA:181,1
DA:182,1
DA:184,3
DA:187,1
DA:188,1
DA:189,1
DA:190,1
DA:192,3
DA:195,1
DA:196,1
DA:197,1
DA:198,1
DA:208,1
DA:210,1
DA:211,1
DA:212,1
DA:213,1
DA:216,2
DA:217,1
DA:218,2
DA:219,2
DA:220,1
DA:221,2
DA:223,3
DA:224,2
DA:226,1
DA:229,1
DA:230,6
DA:231,0
DA:232,0
DA:235,1
DA:236,2
DA:237,0
DA:238,0
DA:243,2
DA:245,1
DA:246,1
DA:248,1
DA:249,2
DA:250,1
DA:251,5
DA:254,1
DA:255,3
DA:256,2
DA:257,1
DA:258,1
DA:260,3
DA:263,3
DA:266,1
DA:269,1
DA:272,1
DA:284,2
DA:285,1
DA:286,1
DA:287,1
DA:290,1
DA:292,4
LF:132
LH:127
end_of_record
SF:lib\src\model\ics_status.dart
DA:3,1
LF:1
LH:1
end_of_record
SF:lib\src\model\ics_transp.dart
DA:2,1
LF:1
LH:1
end_of_record
SF:lib\src\extensions\string_extensions.dart
DA:5,1
DA:7,1
DA:8,1
DA:10,1
DA:12,1
DA:14,1
DA:16,1
DA:18,1
DA:20,1
DA:22,1
DA:25,2
DA:29,1
DA:31,1
DA:32,1
DA:34,1
DA:37,2
LF:16
LH:16
end_of_record
